Sat Jun  6 14:03:26 CST 2026 - Login success
2026-06-06 14:10:28 - 管理员认证成功登录
2026-06-06 14:10:43 - 执行安全与用户活动监控
2026-06-06 15:32:33 - 管理员认证成功登录
2026-06-06 15:39:59 - 执行安全与用户活动监控
2026-06-06 15:40:08 - 执行磁盘智能自愈清理
2026-06-06 15:40:14,CPU:1.2%,MEM:7.63711%,DISK:1%
2026-06-06 15:40:14 - 执行多维智能一键巡检与诊断
2026-06-06 15:40:31 - 执行登录会话活动审计
2026-06-06 15:58:24 - 登录认证成功
2026-06-06 15:58:55,CPU:0.6%,MEM:7.66274%,DISK:1%
2026-06-06 15:58:55 - 一键巡检执行成功
2026-06-06 15:59:05 - 执行磁盘清理自愈
2026-06-06 16:02:39 - 登录认证成功
2026-06-06 16:02:47,CPU:0%,MEM:7.68836%,DISK:1%
2026-06-06 16:02:47 - 一键巡检执行成功
2026-06-06 16:02:56 - 执行磁盘清理自愈
2026-06-06 16:08:13 - 安全审计警告: 非法账户 [a] 尝试越权登录被实时拦截
2026-06-06 16:08:35 - 管理员 [admin] 成功登录系统安全控制台
2026-06-06 16:08:48 - 执行多进程性能指标采集
2026-06-06 16:08:53 - 执行高级日志审计特征清洗
2026-06-06 16:08:59 - 执行磁盘清理自愈
2026-06-06 16:15:41 - 管理员 [admin] 成功登录系统安全控制台
2026-06-06 16:16:00 - 执行多进程性能指标采集
2026-06-06 17:16:36 - 管理员 [admin] 成功登录系统安全控制台
2026-06-06 18:03:38 - 管理员 [admin] 成功登录系统安全控制台
2026-06-06 18:17:09 - 管理员 [admin] 成功登录系统安全控制台
2026-06-06 18:17:17 [BG_ALERT] CPU:0% DISK:95%
2026-06-06 18:17:20 [BG_ALERT] CPU:0% DISK:95%
2026-06-06 18:17:22 [BG_ALERT] CPU:1.8% DISK:95%
2026-06-06 18:17:24 [BG_ALERT] CPU:0% DISK:95%
2026-06-06 18:17:26 [BG_ALERT] CPU:0% DISK:95%
2026-06-06 18:17:29 [BG_ALERT] CPU:0% DISK:95%
2026-06-06 18:17:31 [BG_ALERT] CPU:0% DISK:95%
2026-06-06 18:17:33 [BG_ALERT] CPU:0% DISK:95%
2026-06-06 18:17:35 [BG_ALERT] CPU:0% DISK:95%
2026-06-06 18:17:37 [BG_ALERT] CPU:0% DISK:95%
2026-06-06 18:17:40 [BG_ALERT] CPU:0% DISK:95%
2026-06-06 18:17:42 [BG_ALERT] CPU:1.2% DISK:95%
2026-06-06 18:17:44 [BG_ALERT] CPU:1.2% DISK:95%
2026-06-06 18:17:46 [BG_ALERT] CPU:0.6% DISK:95%
2026-06-06 18:17:49 [BG_ALERT] CPU:0% DISK:95%
2026-06-06 18:17:51 [BG_ALERT] CPU:0% DISK:95%
2026-06-06 18:17:53 [BG_ALERT] CPU:0% DISK:95%
2026-06-06 18:17:55 [BG_ALERT] CPU:0% DISK:95%
2026-06-06 18:17:57 [BG_ALERT] CPU:0% DISK:95%
2026-06-06 18:18:00 [BG_ALERT] CPU:1.8% DISK:95%
2026-06-06 18:18:02 [BG_ALERT] CPU:0% DISK:95%
2026-06-06 18:18:04 [BG_ALERT] CPU:0% DISK:95%
2026-06-06 18:18:06 [BG_ALERT] CPU:0% DISK:95%
2026-06-06 18:18:09 [BG_ALERT] CPU:1.2% DISK:95%
2026-06-06 18:18:11 [BG_ALERT] CPU:0% DISK:95%
2026-06-06 18:18:13 [BG_ALERT] CPU:0% DISK:95%
2026-06-06 18:18:15 [BG_ALERT] CPU:0.6% DISK:95%
2026-06-06 18:18:17 [BG_ALERT] CPU:0% DISK:95%
2026-06-06 18:18:20 [BG_ALERT] CPU:0% DISK:95%
2026-06-06 18:18:22 [BG_ALERT] CPU:0% DISK:95%
2026-06-06 18:18:24 [BG_ALERT] CPU:0% DISK:95%
2026-06-06 18:18:26 [BG_ALERT] CPU:0% DISK:95%
2026-06-06 18:18:29 [BG_ALERT] CPU:0.6% DISK:95%
2026-06-06 18:18:31 [BG_ALERT] CPU:1.2% DISK:95%
2026-06-06 18:18:33 [BG_ALERT] CPU:0.6% DISK:95%
2026-06-06 18:18:35 [BG_ALERT] CPU:0% DISK:95%
2026-06-06 18:18:38 [BG_ALERT] CPU:0.6% DISK:95%
2026-06-06 18:18:40 [BG_ALERT] CPU:0% DISK:95%
2026-06-06 18:18:42 [BG_ALERT] CPU:0% DISK:95%
2026-06-06 18:18:44 [BG_ALERT] CPU:0% DISK:95%
2026-06-06 18:18:46 [BG_ALERT] CPU:0.6% DISK:95%
2026-06-06 18:18:49 [BG_ALERT] CPU:0% DISK:95%
2026-06-06 18:18:51 [BG_ALERT] CPU:0% DISK:95%
2026-06-06 18:18:53 [BG_ALERT] CPU:0% DISK:95%
2026-06-06 18:18:55 [BG_ALERT] CPU:0% DISK:95%
2026-06-06 18:18:58 [BG_ALERT] CPU:0.6% DISK:95%
2026-06-06 18:19:00 [BG_ALERT] CPU:1.2% DISK:95%
2026-06-06 18:19:02 [BG_ALERT] CPU:0% DISK:95%
2026-06-06 18:19:04 [BG_ALERT] CPU:0% DISK:95%
2026-06-06 18:19:06 [BG_ALERT] CPU:0% DISK:95%
2026-06-06 18:19:09 [BG_ALERT] CPU:0% DISK:95%
2026-06-06 18:19:11 [BG_ALERT] CPU:0% DISK:95%
2026-06-06 18:19:13 [BG_ALERT] CPU:0.6% DISK:95%
2026-06-06 18:19:15 [BG_ALERT] CPU:0% DISK:95%
2026-06-06 18:19:18 [BG_ALERT] CPU:0% DISK:95%
2026-06-06 18:19:20 [BG_ALERT] CPU:0% DISK:95%
2026-06-06 18:19:22 [BG_ALERT] CPU:0.6% DISK:95%
2026-06-06 18:19:24 [BG_ALERT] CPU:1.2% DISK:95%
2026-06-06 18:19:26 [BG_ALERT] CPU:0.6% DISK:95%
2026-06-06 18:19:29 [BG_ALERT] CPU:0% DISK:95%
2026-06-06 18:19:31 [BG_ALERT] CPU:0.6% DISK:95%
2026-06-06 18:19:33 [BG_ALERT] CPU:0.6% DISK:95%
2026-06-06 18:19:35 [BG_ALERT] CPU:0% DISK:95%
2026-06-06 18:22:35 - 管理员 [admin] 成功登录系统安全控制台
2026-06-06 18:36:59 - 管理员 [admin] 成功登录系统安全控制台
2026-06-06 18:37:05 ALERT: CPU:0% DISK:95%
2026-06-06 18:41:11 - 执行多进程性能指标采集
2026-06-06 18:42:04 - 执行多进程性能指标采集
2026-06-06 18:42:22 - 执行多进程性能指标采集
2026-06-06 18:42:49 - 执行多进程性能指标采集
2026-06-06 18:48:39 - 管理员 [admin] 成功登录系统 (哈希校验通过)
2026-06-06 18:49:48 - 管理员 [admin] 成功登录系统 (哈希校验通过)
2026-06-06 18:49:59 - 执行多进程性能指标采集
2026-06-06 18:50:47 - 执行多进程性能指标采集
2026-06-06 19:01:42 - 管理员 [admin] 成功登录系统 (哈希校验通过)
2026-06-06 19:01:48 - 执行多进程性能指标采集
2026-06-06 19:02:01 - 执行多进程性能指标采集
2026-06-06 19:02:52 - 管理员 [admin] 成功登录系统 (哈希校验通过)
2026-06-06 19:02:55 - 执行多进程性能指标采集
2026-06-06 19:08:35 - 管理员 [admin] 成功登录系统 (哈希校验通过)
2026-06-06 19:08:42 - 性能指标告警: CPU:0% DISK:95%
2026-06-06 19:08:55 - 执行高级日志审计特征清洗
2026-06-06 19:09:07 - 执行磁盘清理自愈
2026-06-06 19:09:11 - 性能指标告警: CPU:0.6% DISK:95%
2026-06-06 19:09:48 - 执行磁盘清理自愈
2026-06-06 19:09:51 - 性能指标告警: CPU:0% DISK:95%
2026-06-06 19:15:52 - 管理员 [admin] 成功登录系统 (哈希校验通过)
2026-06-06 19:15:54 - 性能指标告警: CPU:0% DISK:95%
2026-06-06 19:38:44 - 管理员 [admin] 成功登录系统 (哈希校验通过)
2026-06-06 19:38:47 - 性能指标告警: CPU:0% DISK:95%
2026-06-06 19:38:53 - 执行磁盘深度自愈清理，占用从 1% 优化至 1%
2026-06-06 19:38:56 - 性能指标告警: CPU:0% DISK:95%
2026-06-06 19:54:20 - 管理员 [admin] 成功登录系统 (哈希校验通过)
2026-06-06 19:54:58 ALERT: CPU:0% DISK:95%
2026-06-06 19:55:09 - 管理员 [admin] 成功登录系统 (哈希校验通过)
2026-06-06 19:55:12 - 性能指标告警: CPU:0% DISK:95%
2026-06-06 19:55:21 - 执行磁盘深度自愈清理，占用从 1% 优化至 1%
2026-06-06 19:55:27 - 性能指标告警: CPU:0.6% DISK:95%
2026-06-06 19:55:36 - 执行磁盘深度自愈清理，占用从 1% 优化至 1%
2026-06-06 19:55:48 - 性能指标告警: CPU:0% DISK:95%
2026-06-06 20:04:48 ALERT: CPU:0% DISK:95%
2026-06-06 20:04:59 - 管理员 [admin] 成功登录系统 (哈希校验通过)
2026-06-06 20:05:01 - 性能指标告警: CPU:0% DISK:95%
2026-06-06 20:05:05 - 执行磁盘深度自愈清理，占用从 1% 优化至 1%
2026-06-06 20:05:07 - 性能指标告警: CPU:0
6% DISK:95%
2026-06-06 20:13:05 - 管理员 [admin] 成功登录系统 (哈希校验通过)
2026-06-06 20:13:08 - 性能指标告警: CPU:1.2% DISK:95%
2026-06-06 20:13:13 - 执行磁盘深度自愈清理，占用从 1% 优化至 1%
2026-06-06 20:13:15 - 性能指标告警: CPU:0% DISK:95%
2026-06-06 20:13:28 - 性能指标告警: CPU:0% DISK:95%
2026-06-06 20:25:14 - 管理员 [admin] 成功登录系统 (哈希校验通过)
2026-06-06 20:25:29 - 执行磁盘深度自愈清理，占用从 1% 优化至 1%
2026-06-06 20:26:48 - 管理员 [admin] 成功登录系统 (哈希校验通过)
2026-06-06 20:28:55 - 管理员 [admin] 成功登录系统 (哈希校验通过)
2026-06-06 20:29:03 - 执行磁盘深度自愈清理，占用从 1% 优化至 1%
2026-06-06 20:29:37 - 管理员 [admin] 成功登录系统 (哈希校验通过)
2026-06-06 20:31:39 - 管理员 [admin] 成功登录系统 (哈希校验通过)
2026-06-06 20:33:44 - 管理员 [admin] 成功登录系统 (哈希校验通过)
